SHOW_INVENTORY
DRCTRNJYVGCC02

+++++++++++++++++++++++++++++++++++++++++++++++++++++++++++++++++++++++
INFO: Please use "show license UDI" to get serial number for licensing.
+++++++++++++++++++++++++++++++++++++++++++++++++++++++++++++++++++++++

NAME: "Chassis", DESCR: "Cisco ISR4431 Chassis"
PID: ISR4431/K9        , VID: V05  , SN: FGL2402L5JD

NAME: "Power Supply Module 0", DESCR: "250W AC Power Supply for Cisco ISR4430"
PID: PWR-4430-AC       , VID: V02  , SN: DCC2349H01F

NAME: "Power Supply Module 1", DESCR: "250W AC Power Supply for Cisco ISR4430"
PID: PWR-4430-AC       , VID: V02  , SN: DCC2349H01N

NAME: "Fan Tray", DESCR: "Cisco ISR4430 Fan Assembly"
PID: ACS-4430-FANASSY  , VID:      , SN:            

NAME: "module 0", DESCR: "Cisco ISR4431 Built-In NIM controller"
PID: ISR4431/K9        , VID:      , SN:            

NAME: "PVDM subslot 0/4", DESCR: "PVDM4-256 Voice DSP Module"
PID: PVDM4-256         , VID: V02  , SN: FOC2347564T

NAME: "NIM subslot 0/0", DESCR: "Front Panel 4 ports Gigabitethernet Module"
PID: ISR4431-X-4x1GE   , VID: V01  , SN:            

NAME: "module R0", DESCR: "Cisco ISR4431 Route Processor"
PID: ISR4431/K9        , VID: V05  , SN: FOC2350AFFP

NAME: "module F0", DESCR: "Cisco ISR4431 Forwarding Processor"
PID: ISR4431/K9        , VID:      , SN:            


