
show inventory

+++++++++++++++++++++++++++++++++++++++++++++++++++++++++++++++++++++++
INFO: Please use "show license UDI" to get serial number for licensing.
+++++++++++++++++++++++++++++++++++++++++++++++++++++++++++++++++++++++

NAME: "Chassis", DESCR: "Cisco ISR4431 Chassis"
PID: ISR4431/K9        , VID: V05  , SN: FGL2402L5JD

NAME: "Power Supply Module 0", DESCR: "250W AC Power Supply for Cisco ISR4430"
PID: PWR-4430-AC       , VID: V02  , SN: DCC2349H01F

NAME: "Power Supply Module 1", DESCR: "250W AC Power Supply for Cisco ISR4430"
PID: PWR-4430-AC       , VID: V02  , SN: DCC2349H01N

NAME: "Fan Tray", DESCR: "Cisco ISR4430 Fan Assembly"
PID: ACS-4430-FANASSY  , VID:      , SN:            

NAME: "module 0", DESCR: "Cisco ISR4431 Built-In NIM controller"
PID: ISR4431/K9        , VID:      , SN:            

NAME: "PVDM subslot 0/4", DESCR: "PVDM4-256 Voice DSP Module"
PID: PVDM4-256         , VID: V02  , SN: FOC2347564T

NAME: "NIM subslot 0/0", DESCR: "Front Panel 4 ports Gigabitethernet Module"
PID: ISR4431-X-4x1GE   , VID: V01  , SN:            

NAME: "module R0", DESCR: "Cisco ISR4431 Route Processor"
PID: ISR4431/K9        , VID: V05  , SN: FOC2350AFFP

NAME: "module F0", DESCR: "Cisco ISR4431 Forwarding Processor"
PID: ISR4431/K9        , VID:      , SN:            




show ver
Cisco IOS XE Software, Version 17.03.05
Cisco IOS Software [Amsterdam], ISR Software (X86_64_LINUX_IOSD-UNIVERSALK9-M), Version 17.3.5, RELEASE SOFTWARE (fc2)
Technical Support: http://www.cisco.com/techsupport
Copyright (c) 1986-2022 by Cisco Systems, Inc.
Compiled Wed 09-Feb-22 10:37 by mcpre


Cisco IOS-XE software, Copyright (c) 2005-2022 by cisco Systems, Inc.
All rights reserved.  Certain components of Cisco IOS-XE software are
licensed under the GNU General Public License ("GPL") Version 2.0.  The
software code licensed under GPL Version 2.0 is free software that comes
with ABSOLUTELY NO WARRANTY.  You can redistribute and/or modify such
GPL code under the terms of GPL Version 2.0.  For more details, see the
documentation or "License Notice" file accompanying the IOS-XE software,
or the applicable URL provided on the flyer accompanying the IOS-XE
software.


ROM: 16.12(2r)

DRCTRNJYVGCC02 uptime is 38 weeks, 2 days, 19 minutes
Uptime for this control processor is 38 weeks, 2 days, 20 minutes
System returned to ROM by Reload Command at 22:12:25 WIB Fri Mar 11 2022
System restarted at 22:16:13 WIB Fri Mar 11 2022
System image file is "bootflash:isr4400-universalk9.17.03.05.SPA.bin"
Last reload reason: Reload Command



This product contains cryptographic features and is subject to United
States and local country laws governing import, export, transfer and
use. Delivery of Cisco cryptographic products does not imply
third-party authority to import, export, distribute or use encryption.
Importers, exporters, distributors and users are responsible for
compliance with U.S. and local country laws. By using this product you
agree to comply with applicable laws and regulations. If you are unable
to comply with U.S. and local laws, return this product immediately.

A summary of U.S. laws governing Cisco cryptographic products may be found at:
http://www.cisco.com/wwl/export/crypto/tool/stqrg.html

If you require further assistance please contact us by sending email to
export@cisco.com.



Suite License Information for Module:'esg' 

--------------------------------------------------------------------------------
Suite                 Suite Current         Type           Suite Next reboot     
--------------------------------------------------------------------------------
FoundationSuiteK9     None                  Smart License  None                  
securityk9
appxk9

AdvUCSuiteK9          None                  Smart License  None                  
uck9
cme-srst
cube


Technology Package License Information: 

-----------------------------------------------------------------
Technology    Technology-package           Technology-package
              Current       Type           Next reboot  
------------------------------------------------------------------
appxk9           None             Smart License    None
uck9             uck9             Smart License    uck9
securityk9       None             Smart License    None
ipbase           ipbasek9         Smart License    ipbasek9

The current throughput level is 500000 kbps 


Smart Licensing Status: Registration Not Applicable/Not Applicable

cisco ISR4431/K9 (1RU) processor with 1714631K/6147K bytes of memory.
Processor board ID FGL2402L5JD
Router operating mode: Autonomous
4 Gigabit Ethernet interfaces
32768K bytes of non-volatile configuration memory.
4194304K bytes of physical memory.
6598655K bytes of flash memory at bootflash:.

Configuration register is 0x2102


